\BOOKMARK [1][-]{section*.3}{Power Series \2477.7}{}% 1
\BOOKMARK [2][-]{section*.4}{Definition}{section*.3}% 2
\BOOKMARK [2][-]{section*.5}{Key idea}{section*.3}% 3
\BOOKMARK [2][-]{section*.6}{Example}{section*.3}% 4
\BOOKMARK [1][-]{section*.7}{Radius of convergence \2477.7.1}{}% 5
\BOOKMARK [2][-]{section*.8}{Theorem}{section*.7}% 6
\BOOKMARK [2][-]{section*.9}{Theorem}{section*.7}% 7
\BOOKMARK [2][-]{section*.10}{Example}{section*.7}% 8
\BOOKMARK [2][-]{section*.11}{Solution}{section*.7}% 9
\BOOKMARK [2][-]{section*.12}{Example}{section*.7}% 10
\BOOKMARK [2][-]{section*.13}{Solution}{section*.7}% 11
\BOOKMARK [1][-]{section*.14}{General power series}{}% 12
\BOOKMARK [2][-]{section*.15}{Definition}{section*.14}% 13
\BOOKMARK [2][-]{section*.16}{Remark}{section*.14}% 14
\BOOKMARK [2][-]{section*.17}{Example}{section*.14}% 15
\BOOKMARK [2][-]{section*.18}{Solution}{section*.14}% 16
\BOOKMARK [1][-]{section*.19}{Properties of power series}{}% 17
\BOOKMARK [2][-]{section*.20}{Addition}{section*.19}% 18
\BOOKMARK [2][-]{section*.21}{Differentiation}{section*.19}% 19
\BOOKMARK [2][-]{section*.22}{Integration}{section*.19}% 20
